
> @better-pages-create/utils@0.0.1 build D:\MyObject\react\better-pages-create\packages\utils
> tsup

[34mCLI[39m Building entry: src/index.ts
[34mCLI[39m Using tsconfig: ..\..\tsconfig.json
[34mCLI[39m tsup v8.5.0
[34mCLI[39m Using tsup config: D:\MyObject\react\better-pages-create\packages\utils\tsup.config.ts
[34mCLI[39m Target: es2017
[34mCLI[39m Cleaning output folder
[34mCJS[39m Build start
[34mESM[39m Build start
[34mDTS[39m Build start
[32mCJS[39m [1mdist\index.cjs     [22m[32m97.12 KB[39m
[32mCJS[39m [1mdist\index.cjs.map [22m[32m207.26 KB[39m
[32mCJS[39m ⚡️ Build success in 325ms
[32mESM[39m [1mdist\index.js     [22m[32m96.22 KB[39m
[32mESM[39m [1mdist\index.js.map [22m[32m207.23 KB[39m
[32mESM[39m ⚡️ Build success in 326ms
[32mDTS[39m ⚡️ Build success in 760ms
[32mDTS[39m [1mdist\index.d.cts [22m[32m2.50 KB[39m
[32mDTS[39m [1mdist\index.d.ts  [22m[32m2.50 KB[39m
